<?xml version="1.0" encoding="UTF-8"?>
<!-- Generated by org.testng.reporters.JUnitReportReporter -->
<testsuite hostname="LAPTOP-1IUE2TDC" failures="0" tests="1" name="com.comcast.ninzaHrm.addSingleProjectWithCreated" time="1.577" errors="0" timestamp="2024-08-13T12:47:20 IST" skipped="0">
  <testcase classname="com.comcast.ninzaHrm.addSingleProjectWithCreated" name="HRM_API_01" time="1.577"/>
</testsuite> <!-- com.comcast.ninzaHrm.addSingleProjectWithCreated -->
