<?xml version="1.0" encoding="UTF-8"?>
<!-- Generated by org.testng.reporters.JUnitReportReporter -->
<testsuite hostname="LAPTOP-1IUE2TDC" failures="0" tests="1" name="com.comcast.ninzaHrm.addProjectWithCompletedStats" time="2.318" errors="0" timestamp="2024-08-13T15:23:16 IST" skipped="0">
  <testcase classname="com.comcast.ninzaHrm.addProjectWithCompletedStats" name="HRM_API_03" time="2.318"/>
</testsuite> <!-- com.comcast.ninzaHrm.addProjectWithCompletedStats -->
