<?xml version="1.0" encoding="UTF-8"?>
<!-- Generated by org.testng.reporters.JUnitReportReporter -->
<testsuite hostname="LAPTOP-1IUE2TDC" failures="0" tests="1" name="com.comcast.ninzaHrm.addDuplicateProject" time="1.609" errors="0" timestamp="2024-08-14T17:05:15 IST" skipped="0">
  <testcase classname="com.comcast.ninzaHrm.addDuplicateProject" name="HRM_API_04" time="1.609"/>
</testsuite> <!-- com.comcast.ninzaHrm.addDuplicateProject -->
