<?xml version="1.0" encoding="UTF-8"?>
<!-- Generated by org.testng.reporters.JUnitReportReporter -->
<testsuite hostname="LAPTOP-1IUE2TDC" failures="0" tests="1" name="com.comcast.ninzaHrm.addProjectWitONGoingStatus" time="2.117" errors="0" timestamp="2024-08-13T13:35:44 IST" skipped="0">
  <testcase classname="com.comcast.ninzaHrm.addProjectWitONGoingStatus" name="HRM_API_02" time="2.117"/>
</testsuite> <!-- com.comcast.ninzaHrm.addProjectWitONGoingStatus -->
